2024-08-09 16:20:25,913:INFO:----------------Test Started----------------:
2024-08-09 16:20:30,656:INFO:Trying a valid logging in flow process.:
2024-08-09 16:20:32,810:INFO:Sending a post request to share a photo by post.:
2024-08-09 16:20:35,827:INFO:----------------Test Completed----------------
:
2024-08-09 19:54:22,953:INFO:----------------Test Started----------------:
2024-08-09 19:54:28,008:INFO:Trying a valid logging in flow process.:
2024-08-09 19:54:30,071:INFO:Sending a post request to add a new employee.:
2024-08-09 19:54:30,712:INFO:Sending a get request to receive an employee number by his/her id.:
2024-08-09 19:54:31,454:INFO:Sending a delete request to delete an employee.:
2024-08-09 19:54:34,393:INFO:----------------Test Completed----------------
:
2024-08-09 20:05:45,959:INFO:----------------Test Started----------------:
2024-08-09 20:05:49,955:INFO:Trying a valid logging in flow process.:
2024-08-09 20:05:52,009:INFO:Sending a post request to add a new employee.:
2024-08-09 20:05:52,544:INFO:Sending a get request to receive an employee number by his/her id.:
2024-08-09 20:05:53,229:INFO:Sending a delete request to delete an employee.:
2024-08-09 20:05:54,826:INFO:Receiving table of all employees.:
2024-08-09 20:05:56,264:INFO:----------------Test Completed----------------
:
2024-08-10 16:10:04,623:INFO:----------------Test Started----------------:
2024-08-10 16:10:08,587:INFO:Trying a valid logging in flow process.:
2024-08-10 16:10:10,477:INFO:Sending a delete request to delete an employee.:
2024-08-10 16:10:11,118:INFO:----------------Test Completed----------------
:
2024-08-10 16:10:37,350:INFO:----------------Test Started----------------:
2024-08-10 16:10:41,032:INFO:Trying a valid logging in flow process.:
2024-08-10 16:10:44,087:INFO:Sending a delete request to delete an employee.:
2024-08-10 16:10:44,975:INFO:----------------Test Completed----------------
:
2024-08-10 16:10:52,699:INFO:----------------Test Started----------------:
2024-08-10 16:10:56,156:INFO:Trying a valid logging in flow process.:
2024-08-10 16:10:57,978:INFO:Sending a post request to add a new post.:
2024-08-10 16:10:58,570:INFO:----------------Test Completed----------------
:
2024-08-10 16:11:11,311:INFO:----------------Test Started----------------:
2024-08-10 16:11:14,968:INFO:Trying a valid logging in flow process.:
2024-08-10 16:11:16,781:INFO:Sending a post request to add a new post.:
2024-08-10 16:11:17,454:INFO:----------------Test Completed----------------
:
2024-08-10 16:15:29,435:INFO:----------------Test Started----------------:
2024-08-10 16:15:34,083:INFO:Trying a valid logging in flow process.:
2024-08-10 16:15:35,461:INFO:Sending a post request to add a new employee.:
2024-08-10 16:15:35,988:INFO:Sending a get request to receive an employee number by his/her id.:
2024-08-10 16:15:36,798:INFO:Sending a delete request to delete an employee.:
2024-08-10 16:15:38,223:INFO:Receiving table of all employees.:
2024-08-10 16:17:02,106:INFO:----------------Test Started----------------:
2024-08-10 16:17:06,247:INFO:Trying a valid logging in flow process.:
2024-08-10 16:17:08,170:INFO:Sending a post request to add a new employee.:
2024-08-10 16:17:08,674:INFO:Sending a get request to receive an employee number by his/her id.:
2024-08-10 16:17:09,564:INFO:Sending a delete request to delete an employee.:
2024-08-10 16:17:10,964:INFO:Receiving table of all employees.:
2024-08-10 16:17:13,489:INFO:----------------Test Completed----------------
:
2024-08-10 17:28:50,880:INFO:----------------Test Started----------------:
2024-08-10 17:29:00,822:INFO:Trying a valid logging in flow process.:
2024-08-10 17:29:02,810:INFO:Sending a put request to change admin city and mobile number.:
2024-08-10 17:29:03,390:INFO:Put request has been sent successfully.:
2024-08-10 17:29:07,102:INFO:----------------Test Completed----------------
:
2024-08-10 17:30:52,651:INFO:----------------Test Started----------------:
2024-08-10 17:30:57,429:INFO:Trying a valid logging in flow process.:
2024-08-10 17:30:59,432:INFO:Sending a put request to change admin city and mobile number.:
2024-08-10 17:31:03,722:INFO:----------------Test Completed----------------
:
2024-08-10 17:31:08,228:INFO:----------------Test Started----------------:
2024-08-10 17:31:13,590:INFO:Trying a valid logging in flow process.:
2024-08-10 17:31:14,906:INFO:Sending a put request to change admin full name.:
2024-08-10 17:31:18,123:INFO:----------------Test Completed----------------
:
2024-08-10 23:50:19,127:INFO:----------------Test Started----------------:
2024-08-10 23:50:24,305:INFO:Trying a valid logging in flow process.:
2024-08-10 23:50:25,679:INFO:Sending a post request to add a new employee.:
2024-08-10 23:50:26,549:INFO:Sending a get request to receive an employee number by his/her id.:
2024-08-10 23:50:27,270:INFO:Sending a delete request to delete an employee.:
2024-08-10 23:50:28,686:INFO:Receiving table of all employees.:
2024-08-10 23:50:31,649:INFO:----------------Test Completed----------------
:
2024-08-11 09:29:28,648:INFO:----------------Test Started----------------:
2024-08-11 09:29:34,090:INFO:Trying a valid logging in flow process.:
2024-08-11 09:29:35,308:INFO:Sending a post request to add a new employee.:
2024-08-11 09:29:35,854:INFO:Sending a get request to receive an employee number by his/her id.:
2024-08-11 09:29:36,548:INFO:Sending a delete request to delete an employee.:
2024-08-11 09:29:37,784:INFO:Receiving table of all employees.:
2024-08-11 09:29:41,126:INFO:----------------Test Completed----------------
:
2024-08-11 09:30:09,712:INFO:----------------Test Started----------------:
2024-08-11 09:30:13,076:INFO:Trying a valid logging in flow process.:
2024-08-11 09:30:14,297:INFO:Sending a post request to add a new employee.:
2024-08-11 09:30:14,800:INFO:Sending a get request to receive an employee number by his/her id.:
2024-08-11 09:30:15,371:INFO:Sending a delete request to delete an employee.:
2024-08-11 09:30:16,557:INFO:Receiving table of all employees.:
2024-08-11 09:30:18,846:INFO:----------------Test Completed----------------
:
2024-08-11 09:31:32,412:INFO:----------------Test Started----------------:
2024-08-11 09:31:35,831:INFO:Trying a valid logging in flow process.:
2024-08-11 09:31:36,941:INFO:Sending a post request to add a new employee.:
2024-08-11 09:31:37,481:INFO:Sending a get request to receive an employee number by his/her id.:
2024-08-11 09:31:38,094:INFO:Sending a delete request to delete an employee.:
2024-08-11 09:31:39,188:INFO:Receiving table of all employees.:
2024-08-11 09:31:41,499:INFO:----------------Test Completed----------------
:
2024-08-11 09:37:40,024:INFO:----------------Test Started----------------:
2024-08-11 09:37:43,743:INFO:Trying a valid logging in flow process.:
2024-08-11 09:37:44,894:INFO:Sending a post request to add a new employee.:
2024-08-11 09:37:45,522:INFO:Sending a get request to receive an employee number by his/her id.:
2024-08-11 09:37:46,009:INFO:Sending a delete request to delete an employee.:
2024-08-11 09:37:47,181:INFO:Receiving table of all employees.:
2024-08-11 09:37:49,413:INFO:----------------Test Completed----------------
:
2024-08-11 09:52:38,357:INFO:----------------Test Started----------------:
2024-08-11 09:52:42,360:INFO:Trying a valid logging in flow process.:
2024-08-11 09:52:43,731:INFO:Sending a post request to add a new employee.:
2024-08-11 09:52:44,239:INFO:Sending a get request to receive an employee number by his/her id.:
2024-08-11 09:52:44,827:INFO:Sending a delete request to delete an employee.:
2024-08-11 09:52:46,020:INFO:Receiving table of all employees.:
2024-08-11 09:52:48,470:INFO:----------------Test Completed----------------
:
2024-08-11 09:53:53,727:INFO:----------------Test Started----------------:
2024-08-11 09:53:57,560:INFO:Trying a valid logging in flow process.:
2024-08-11 09:53:59,135:INFO:Sending a post request to add a new employee.:
2024-08-11 09:54:00,097:INFO:Sending a get request to receive an employee number by his/her id.:
2024-08-11 09:54:00,552:INFO:Sending a delete request to delete an employee.:
2024-08-11 09:54:01,862:INFO:Receiving table of all employees.:
2024-08-11 09:54:04,234:INFO:----------------Test Completed----------------
:
:
2024-08-11 10:14:38,949:INFO:----------------Test Started----------------:
2024-08-11 10:14:42,510:INFO:Trying a valid logging in flow process.:
2024-08-11 10:14:43,806:INFO:Sending a post request to add a new employee.:
2024-08-11 10:14:44,344:INFO:Sending a get request to receive an employee number by his/her id.:
2024-08-11 10:14:45,049:INFO:Sending a delete request to delete an employee.:
2024-08-11 10:14:46,314:INFO:Receiving table of all employees.:
2024-08-11 10:14:48,921:INFO:----------------Test Completed----------------
:
2024-08-11 10:34:11,416:INFO:----------------Test Started----------------:
2024-08-11 10:34:15,364:INFO:Trying a valid logging in flow process.:
2024-08-11 10:34:16,650:INFO:Sending a post request to add a new employee.:
2024-08-11 10:34:17,171:INFO:Sending a get request to receive an employee number by his/her id.:
2024-08-11 10:34:17,844:INFO:Sending a delete request to delete an employee.:
2024-08-11 10:34:19,056:INFO:Receiving table of all employees.:
2024-08-11 10:34:21,387:INFO:----------------Test Completed----------------
:
2024-08-11 11:19:19,720:INFO:----------------Test Started----------------:
2024-08-11 11:19:23,142:INFO:Trying a valid logging in flow process.:
2024-08-11 11:19:25,118:INFO:Sending a post request to add a new employee.:
2024-08-11 11:19:25,659:INFO:Sending a get request to receive an employee number by his/her id.:
2024-08-11 11:19:26,444:INFO:Sending a delete request to delete an employee.:
2024-08-11 11:19:27,700:INFO:Receiving table of all employees.:
2024-08-11 11:19:30,927:INFO:----------------Test Completed----------------
:
2024-08-11 12:13:21,826:INFO:----------------Test Started----------------:
2024-08-11 12:13:26,073:INFO:Trying a valid logging in flow process.:
2024-08-11 12:13:27,173:INFO:Sending a put request to change admin full name.:
2024-08-11 12:13:30,192:INFO:----------------Test Completed----------------
:
2024-08-11 12:45:21,005:INFO:----------------Test Started----------------:
2024-08-11 12:45:24,415:INFO:Trying a valid logging in flow process.:
2024-08-11 12:45:26,118:INFO:Sending a post request to add a new employee.:
2024-08-11 12:45:26,682:INFO:Sending a get request to receive an employee number by his/her id.:
2024-08-11 12:45:27,514:INFO:Sending a delete request to delete an employee.:
2024-08-11 12:45:28,734:INFO:Receiving table of all employees.:
2024-08-11 12:45:32,164:INFO:----------------Test Completed----------------
:
2024-08-11 13:13:54,731:INFO:----------------Test Started----------------:
2024-08-11 13:13:59,068:INFO:Trying a valid logging in flow process.:
2024-08-11 13:14:00,393:INFO:Sending a put request to change admin full name.:
2024-08-11 13:14:03,424:INFO:----------------Test Completed----------------
:
2024-08-11 13:15:19,651:INFO:----------------Test Started----------------:
2024-08-11 13:15:23,617:INFO:Trying a valid logging in flow process.:
2024-08-11 13:15:25,202:INFO:Sending a put request to change admin full name.:
2024-08-11 13:15:28,273:INFO:----------------Test Completed----------------
:
2024-08-11 13:18:06,391:INFO:----------------Test Started----------------:
2024-08-11 13:18:10,353:INFO:Trying a valid logging in flow process.:
2024-08-11 13:18:11,906:INFO:Sending a put request to change admin full name.:
2024-08-11 13:18:15,281:INFO:----------------Test Completed----------------
:
2024-08-11 13:42:15,186:INFO:----------------Test Started----------------:
2024-08-11 13:48:25,503:INFO:Trying a valid logging in flow process.:
2024-08-11 13:48:36,052:ERROR:Time out error.:
2024-08-11 13:48:46,519:ERROR:Time out error.:
2024-08-11 13:48:46,700:INFO:Sending a get request to get active employees number.:
2024-08-11 13:48:49,285:INFO:----------------Test Completed----------------
:
2024-08-11 13:51:48,976:INFO:----------------Test Started----------------:
2024-08-11 13:51:51,688:INFO:Trying a valid logging in flow process.:
2024-08-11 13:51:53,279:INFO:Sending a post request to add a new employee.:
2024-08-11 13:51:53,817:INFO:Sending a get request to receive an employee number by his/her id.:
2024-08-11 13:51:54,470:INFO:Sending a delete request to delete an employee.:
2024-08-11 13:51:57,427:INFO:----------------Test Completed----------------
:
2024-08-11 13:52:13,274:INFO:----------------Test Started----------------:
2024-08-11 13:52:16,074:INFO:Trying a valid logging in flow process.:
2024-08-11 13:52:17,701:INFO:Sending a post request to add a new employee.:
2024-08-11 13:52:18,221:INFO:Sending a get request to receive an employee number by his/her id.:
2024-08-11 13:52:18,773:INFO:Sending a delete request to delete an employee.:
2024-08-11 13:52:21,934:INFO:----------------Test Completed----------------
:
2024-08-11 13:52:46,143:INFO:----------------Test Started----------------:
2024-08-11 13:52:48,961:INFO:Trying a valid logging in flow process.:
2024-08-11 13:52:50,717:INFO:Sending a post request to add a new employee.:
2024-08-11 13:52:51,695:INFO:Sending a get request to receive an employee number by his/her id.:
2024-08-11 13:52:52,225:INFO:Sending a delete request to delete an employee.:
2024-08-11 13:52:54,794:INFO:----------------Test Completed----------------
:
2024-08-11 13:53:36,432:INFO:----------------Test Started----------------:
2024-08-11 13:53:39,311:INFO:Trying a valid logging in flow process.:
2024-08-11 13:53:40,920:INFO:Sending a post request to add a new employee.:
2024-08-11 13:53:41,566:INFO:Sending a get request to receive an employee number by his/her id.:
2024-08-11 13:53:42,145:INFO:Sending a delete request to delete an employee.:
2024-08-11 13:53:44,982:INFO:----------------Test Completed----------------
:
2024-08-11 13:54:15,396:INFO:----------------Test Started----------------:
2024-08-11 13:54:18,363:INFO:Trying a valid logging in flow process.:
2024-08-11 13:54:20,007:INFO:Sending a post request to add a new employee.:
2024-08-11 13:54:20,519:INFO:Sending a get request to receive an employee number by his/her id.:
2024-08-11 13:54:21,183:INFO:Sending a delete request to delete an employee.:
2024-08-11 13:54:24,370:INFO:----------------Test Completed----------------
:
2024-08-11 13:55:35,311:INFO:----------------Test Started----------------:
2024-08-11 13:55:38,287:INFO:Trying a valid logging in flow process.:
2024-08-11 13:55:39,905:INFO:Sending a post request to add a new employee.:
2024-08-11 13:55:40,437:INFO:Sending a get request to receive an employee number by his/her id.:
2024-08-11 13:55:41,072:INFO:Sending a delete request to delete an employee.:
2024-08-11 13:55:43,775:INFO:----------------Test Completed----------------
:
2024-08-11 13:56:02,081:INFO:----------------Test Started----------------:
2024-08-11 13:56:04,988:INFO:Trying a valid logging in flow process.:
2024-08-11 13:56:06,671:INFO:Sending a post request to add a new employee.:
2024-08-11 13:56:07,169:INFO:Sending a get request to receive an employee number by his/her id.:
2024-08-11 13:56:07,751:INFO:Sending a delete request to delete an employee.:
2024-08-11 13:56:08,897:INFO:Receiving table of all employees.:
2024-08-11 13:56:11,304:INFO:----------------Test Completed----------------
:
2024-08-11 13:56:42,242:INFO:----------------Test Started----------------:
2024-08-11 13:56:45,047:INFO:Trying a valid logging in flow process.:
2024-08-11 13:56:46,784:INFO:Sending a post request to add a new employee.:
2024-08-11 13:56:47,329:INFO:Sending a get request to receive an employee number by his/her id.:
2024-08-11 13:56:48,022:INFO:Sending a delete request to delete an employee.:
2024-08-11 13:56:49,147:INFO:Receiving table of all employees.:
2024-08-11 13:56:51,913:INFO:----------------Test Completed----------------
:
2024-08-11 14:10:51,501:INFO:----------------Test Started----------------:
2024-08-11 14:10:54,987:INFO:Trying a valid logging in flow process.:
2024-08-11 14:10:56,806:INFO:Sending a post request to add a new employee.:
2024-08-11 14:10:57,783:INFO:Sending a get request to receive an employee number by his/her id.:
2024-08-11 14:10:58,304:INFO:Sending a delete request to delete an employee.:
2024-08-11 14:10:59,494:INFO:Receiving table of all employees.:
2024-08-11 14:11:02,414:INFO:----------------Test Completed----------------
:
2024-08-11 17:01:32,653:INFO:----------------Test Started----------------:
2024-08-11 17:01:37,707:INFO:Trying a valid logging in flow process.:
2024-08-11 17:01:39,127:INFO:Sending a put request to change admin full name.:
2024-08-11 17:01:42,536:INFO:----------------Test Completed----------------
:
2024-08-11 17:02:32,105:INFO:----------------Test Started----------------:
2024-08-11 17:02:35,976:INFO:Trying a valid logging in flow process.:
2024-08-11 17:02:37,485:INFO:Sending a put request to change admin full name.:
2024-08-11 17:02:40,653:INFO:----------------Test Completed----------------
:
2024-08-11 17:03:04,790:INFO:----------------Test Started----------------:
2024-08-11 17:03:08,331:INFO:Trying a valid logging in flow process.:
2024-08-11 17:03:09,632:INFO:Sending a put request to change admin full name.:
2024-08-11 17:03:12,498:INFO:----------------Test Completed----------------
:
2024-08-11 17:14:05,697:INFO:----------------Test Started----------------:
2024-08-11 17:14:09,223:INFO:Trying a valid logging in flow process.:
2024-08-11 17:14:11,140:INFO:Sending a post request to add a new employee.:
2024-08-11 17:14:11,692:INFO:Sending a get request to receive an employee number by his/her id.:
2024-08-11 17:14:12,643:INFO:Sending a delete request to delete an employee.:
2024-08-11 17:14:14,075:INFO:Receiving table of all employees.:
2024-08-11 17:14:17,638:INFO:----------------Test Completed----------------
:
2024-08-11 17:16:57,492:INFO:----------------Test Started----------------:
2024-08-11 17:17:01,450:INFO:Trying a valid logging in flow process.:
2024-08-11 17:17:03,062:INFO:Sending a put request to change admin full name.:
2024-08-11 17:17:06,118:INFO:----------------Test Completed----------------
:
2024-08-12 07:25:26,740:INFO:----------------Test Started----------------:
2024-08-12 07:25:33,633:INFO:Trying a valid logging in flow process.:
2024-08-12 07:25:35,736:INFO:Sending a post request to add a new employee.:
2024-08-12 07:25:36,954:INFO:Sending a get request to receive an employee number by his/her id.:
2024-08-12 07:25:37,736:INFO:Sending a delete request to delete an employee.:
2024-08-12 07:25:39,163:INFO:Receiving table of all employees.:
2024-08-12 07:25:43,059:INFO:----------------Test Completed----------------
:
