2024-08-08 00:11:52,033:INFO:----------------Test Started----------------:
2024-08-08 00:11:54,949:INFO:-------------Testing Add A New Job------------:
2024-08-08 00:11:54,952:INFO:Trying a valid logging in flow process.:
2024-08-08 00:12:05,916:INFO:----------------Test Completed----------------
:
2024-08-08 00:18:07,498:INFO:----------------Test Started----------------:
2024-08-08 00:18:07,499:ERROR:File not found. Starting with an empty library.:
2024-08-08 00:18:07,499:ERROR:File not found. Starting with an empty library.:
2024-08-08 00:24:59,254:INFO:----------------Test Started----------------:
2024-08-08 00:24:59,254:ERROR:File not found. Starting with an empty library.:
2024-08-08 00:24:59,254:ERROR:File not found. Starting with an empty library.:
2024-08-08 00:27:41,633:INFO:----------------Test Started----------------:
2024-08-08 00:27:41,633:ERROR:Configuration file does not exist: C:\Users\Admin\Desktop\automation_bootcamp_final_project\orange_hrm\orange_hrm\orange_hrm.json:
2024-08-08 00:27:41,634:ERROR:Configuration file does not exist: C:\Users\Admin\Desktop\automation_bootcamp_final_project\orange_hrm\orange_hrm\orange_hrm.json:
2024-08-08 00:31:59,940:INFO:----------------Test Started----------------:
2024-08-08 00:31:59,941:ERROR:Configuration file not found at C:\Users\Admin\Desktop\automation_bootcamp_final_project\orange_hrm\orange_hrm\orange_hrm.json. Starting with an empty library.:
2024-08-08 00:31:59,942:ERROR:Configuration file not found at C:\Users\Admin\Desktop\automation_bootcamp_final_project\orange_hrm\orange_hrm\orange_hrm.json. Starting with an empty library.:
2024-08-08 00:32:37,058:INFO:----------------Test Started----------------:
2024-08-08 00:32:37,059:ERROR:Configuration file not found at C:\Users\Admin\Desktop\automation_bootcamp_final_project\orange_hrm\automation_bootcamp_final_project\orange_hrm\orange_hrm.json. Starting with an empty library.:
2024-08-08 00:32:37,059:ERROR:Configuration file not found at C:\Users\Admin\Desktop\automation_bootcamp_final_project\orange_hrm\automation_bootcamp_final_project\orange_hrm\orange_hrm.json. Starting with an empty library.:
2024-08-08 00:34:26,290:INFO:----------------Test Started----------------:
2024-08-08 00:34:26,290:ERROR:File not found. Starting with an empty library.:
2024-08-08 00:34:26,290:ERROR:File not found. Starting with an empty library.:
2024-08-08 00:35:08,328:INFO:----------------Test Started----------------:
2024-08-08 00:35:08,328:ERROR:File not found. Starting with an empty library.:
2024-08-08 00:35:08,328:ERROR:File not found. Starting with an empty library.:
2024-08-08 00:35:22,192:INFO:----------------Test Started----------------:
2024-08-08 00:35:25,662:INFO:Trying a valid logging in flow process.:
2024-08-08 00:35:27,461:INFO:Sending a post request to add a new post.:
2024-08-08 00:35:28,081:INFO:----------------Test Completed----------------
:
2024-08-08 09:00:27,528:INFO:----------------Test Started----------------:
2024-08-08 09:00:27,529:ERROR:File not found. Starting with an empty library.:
2024-08-08 09:00:27,529:ERROR:File not found. Starting with an empty library.:
2024-08-08 09:02:13,654:INFO:----------------Test Started----------------:
2024-08-08 09:02:13,654:ERROR:File not found. Starting with an empty library.:
2024-08-08 09:02:13,654:ERROR:File not found. Starting with an empty library.:
2024-08-08 09:02:51,441:INFO:----------------Test Started----------------:
2024-08-08 09:05:10,170:INFO:----------------Test Started----------------:
2024-08-08 09:05:10,170:ERROR:File not found. Starting with an empty library.:
2024-08-08 09:07:42,285:INFO:----------------Test Started----------------:
2024-08-08 09:07:42,286:ERROR:File not found. Starting with an empty library.:
2024-08-08 09:12:10,764:INFO:----------------Test Started----------------:
2024-08-08 09:12:14,203:INFO:Trying a valid logging in flow process.:
2024-08-08 09:12:16,124:INFO:Sending a post request to add a new post.:
2024-08-08 09:12:16,843:INFO:----------------Test Completed----------------
:
2024-08-08 09:17:00,717:INFO:----------------Test Started----------------:
2024-08-08 09:17:03,683:INFO:Trying a valid logging in flow process.:
2024-08-08 09:17:05,419:INFO:Sending a post request to add a new employee.:
2024-08-08 09:17:08,041:INFO:Sending a get request to receive an employee number by his/her id.:
2024-08-08 09:17:08,599:INFO:Sending a delete request to delete an employee.:
2024-08-08 09:17:09,212:INFO:----------------Test Completed----------------
:
